âžœ sbt compile
[info] welcome to sbt 1.9.4 (Homebrew Java 20.0.1)
[info] loading global plugins from /Users/alexr/.sbt/1.0/plugins
[info] loading project definition from /Users/alexr/dev/pp/scala-course-2-13-12/project
[info] loading settings for project scala-course-2-13-12 from build.sbt ...
[info] set current project to scala-course-2-13-12 (in build file:/Users/alexr/dev/pp/scala-course-2-13-12/)
[info] Executing in batch mode. For better performance use sbt's shell
[info] compiling 1 Scala source to /Users/alexr/dev/pp/scala-course-2-13-12/plain2/target/scala-2.13/classes ...
[error] ## Exception when compiling 1 sources to /Users/alexr/dev/pp/scala-course-2-13-12/plain2/target/scala-2.13/classes
[error] java.lang.UnsupportedOperationException: Position.point on NoPosition
[error] scala.reflect.internal.util.Position.fail(Position.scala:24)
[error] scala.reflect.internal.util.UndefinedPosition.point(Position.scala:102)
[error] scala.reflect.internal.util.UndefinedPosition.point(Position.scala:97)
[error] scala.tools.nsc.typechecker.ContextErrors.err$1(ContextErrors.scala:201)
[error] scala.tools.nsc.typechecker.ContextErrors.scala$tools$nsc$typechecker$ContextErrors$$InferredImplicitErrorImpl(ContextErrors.scala:211)
[error] scala.tools.nsc.typechecker.ContextErrors$NamerContextErrors.InferredImplicitError(ContextErrors.scala:1436)
[error] scala.tools.nsc.typechecker.ContextErrors$NamerContextErrors.InferredImplicitError$(ContextErrors.scala:1435)
[error] scala.tools.nsc.typechecker.Namers$Namer.InferredImplicitError(Namers.scala:58)
[error] scala.tools.nsc.typechecker.Namers$Namer.$anonfun$assignTypeToTree$1(Namers.scala:1166)
[error] scala.tools.nsc.typechecker.Namers$Namer.assignTypeToTree(Namers.scala:1166)
[error] scala.tools.nsc.typechecker.Namers$Namer.methodSig(Namers.scala:1492)
[error] scala.tools.nsc.typechecker.Namers$Namer.memberSig(Namers.scala:1975)
[error] scala.tools.nsc.typechecker.Namers$Namer.typeSig(Namers.scala:1926)
[error] scala.tools.nsc.typechecker.Namers$Namer$MonoTypeCompleter.completeImpl(Namers.scala:874)
[error] scala.tools.nsc.typechecker.Namers$LockingTypeCompleter.complete(Namers.scala:2123)
[error] scala.tools.nsc.typechecker.Namers$LockingTypeCompleter.complete$(Namers.scala:2121)
[error] scala.tools.nsc.typechecker.Namers$TypeCompleterBase.complete(Namers.scala:2116)
[error] scala.tools.nsc.typechecker.Namers$PolyTypeCompleter.completeImpl(Namers.scala:2156)
[error] scala.tools.nsc.typechecker.Namers$LockingTypeCompleter.complete(Namers.scala:2123)
[error] scala.tools.nsc.typechecker.Namers$LockingTypeCompleter.complete$(Namers.scala:2121)
[error] scala.tools.nsc.typechecker.Namers$PolyTypeCompleter.complete(Namers.scala:2135)
[error] scala.reflect.internal.Symbols$Symbol.completeInfo(Symbols.scala:1565)
[error] scala.reflect.internal.Symbols$Symbol.info(Symbols.scala:1537)
[error] scala.reflect.internal.Symbols$Symbol.initialize(Symbols.scala:1726)
[error] scala.tools.nsc.typechecker.Typers$Typer.typed1(Typers.scala:5734)
[error] scala.tools.nsc.typechecker.Typers$Typer.typed(Typers.scala:6153)
[error] scala.tools.nsc.typechecker.Typers$Typer.typedStat$1(Typers.scala:6231)
[error] scala.tools.nsc.typechecker.Typers$Typer.$anonfun$typedStats$8(Typers.scala:3470)
[error] scala.tools.nsc.typechecker.Typers$Typer.typedStats(Typers.scala:3470)
[error] scala.tools.nsc.typechecker.Typers$Typer.typedTemplate(Typers.scala:2089)
[error] scala.tools.nsc.typechecker.Typers$Typer.typedModuleDef(Typers.scala:1965)
[error] scala.tools.nsc.typechecker.Typers$Typer.typed1(Typers.scala:6061)
[error] scala.tools.nsc.typechecker.Typers$Typer.typed(Typers.scala:6153)
[error] scala.tools.nsc.typechecker.Typers$Typer.typedStat$1(Typers.scala:6231)
[error] scala.tools.nsc.typechecker.Typers$Typer.$anonfun$typedStats$8(Typers.scala:3470)
[error] scala.tools.nsc.typechecker.Typers$Typer.typedStats(Typers.scala:3470)
[error] scala.tools.nsc.typechecker.Typers$Typer.typedPackageDef$1(Typers.scala:5743)
[error] scala.tools.nsc.typechecker.Typers$Typer.typed1(Typers.scala:6063)
[error] scala.tools.nsc.typechecker.Typers$Typer.typed(Typers.scala:6153)
[error] scala.tools.nsc.typechecker.Analyzer$typerFactory$TyperPhase.apply(Analyzer.scala:124)
[error] scala.tools.nsc.Global$GlobalPhase.applyPhase(Global.scala:480)
[error] scala.tools.nsc.typechecker.Analyzer$typerFactory$TyperPhase.run(Analyzer.scala:111)
[error] scala.tools.nsc.Global$Run.compileUnitsInternal(Global.scala:1546)
[error] scala.tools.nsc.Global$Run.compileUnits(Global.scala:1530)
[error] scala.tools.nsc.Global$Run.compileSources(Global.scala:1522)
[error] scala.tools.nsc.Global$Run.compileFiles(Global.scala:1635)
[error] xsbt.CachedCompiler0.run(CompilerBridge.scala:165)
[error] xsbt.CachedCompiler0.run(CompilerBridge.scala:134)
[error] xsbt.CompilerBridge.run(CompilerBridge.scala:39)
[error] sbt.internal.inc.AnalyzingCompiler.compile(AnalyzingCompiler.scala:91)
[error] sbt.internal.inc.MixedAnalyzingCompiler.$anonfun$compile$7(MixedAnalyzingCompiler.scala:193)
[error] scala.runtime.java8.JFunction0$mcV$sp.apply(JFunction0$mcV$sp.java:23)
[error] sbt.internal.inc.MixedAnalyzingCompiler.timed(MixedAnalyzingCompiler.scala:248)
[error] sbt.internal.inc.MixedAnalyzingCompiler.$anonfun$compile$4(MixedAnalyzingCompiler.scala:183)
[error] sbt.internal.inc.MixedAnalyzingCompiler.$anonfun$compile$4$adapted(MixedAnalyzingCompiler.scala:163)
[error] sbt.internal.inc.JarUtils$.withPreviousJar(JarUtils.scala:239)
[error] sbt.internal.inc.MixedAnalyzingCompiler.compileScala$1(MixedAnalyzingCompiler.scala:163)
[error] sbt.internal.inc.MixedAnalyzingCompiler.compile(MixedAnalyzingCompiler.scala:211)
[error] sbt.internal.inc.IncrementalCompilerImpl.$anonfun$compileInternal$1(IncrementalCompilerImpl.scala:534)
[error] sbt.internal.inc.IncrementalCompilerImpl.$anonfun$compileInternal$1$adapted(IncrementalCompilerImpl.scala:534)
[error] sbt.internal.inc.Incremental$.$anonfun$apply$5(Incremental.scala:180)
[error] sbt.internal.inc.Incremental$.$anonfun$apply$5$adapted(Incremental.scala:178)
[error] sbt.internal.inc.Incremental$$anon$2.run(Incremental.scala:464)
[error] sbt.internal.inc.IncrementalCommon$CycleState.next(IncrementalCommon.scala:116)
[error] sbt.internal.inc.IncrementalCommon$$anon$1.next(IncrementalCommon.scala:56)
[error] sbt.internal.inc.IncrementalCommon$$anon$1.next(IncrementalCommon.scala:52)
[error] sbt.internal.inc.IncrementalCommon.cycle(IncrementalCommon.scala:263)
[error] sbt.internal.inc.Incremental$.$anonfun$incrementalCompile$8(Incremental.scala:419)
[error] sbt.internal.inc.Incremental$.withClassfileManager(Incremental.scala:506)
[error] sbt.internal.inc.Incremental$.incrementalCompile(Incremental.scala:406)
[error] sbt.internal.inc.Incremental$.apply(Incremental.scala:172)
[error] sbt.internal.inc.IncrementalCompilerImpl.compileInternal(IncrementalCompilerImpl.scala:534)
[error] sbt.internal.inc.IncrementalCompilerImpl.$anonfun$compileIncrementally$1(IncrementalCompilerImpl.scala:488)
[error] sbt.internal.inc.IncrementalCompilerImpl.handleCompilationError(IncrementalCompilerImpl.scala:332)
[error] sbt.internal.inc.IncrementalCompilerImpl.compileIncrementally(IncrementalCompilerImpl.scala:425)
[error] sbt.internal.inc.IncrementalCompilerImpl.compile(IncrementalCompilerImpl.scala:137)
[error] sbt.Defaults$.compileIncrementalTaskImpl(Defaults.scala:2369)
[error] sbt.Defaults$.$anonfun$compileIncrementalTask$2(Defaults.scala:2319)
[error] sbt.internal.server.BspCompileTask$.$anonfun$compute$1(BspCompileTask.scala:31)
[error] sbt.internal.io.Retry$.apply(Retry.scala:47)
[error] sbt.internal.io.Retry$.apply(Retry.scala:29)
[error] sbt.internal.io.Retry$.apply(Retry.scala:24)
[error] sbt.internal.server.BspCompileTask$.compute(BspCompileTask.scala:31)
[error] sbt.Defaults$.$anonfun$compileIncrementalTask$1(Defaults.scala:2317)
[error] scala.Function1.$anonfun$compose$1(Function1.scala:49)
[error] sbt.internal.util.$tilde$greater.$anonfun$$u2219$1(TypeFunctions.scala:63)
[error] sbt.std.Transform$$anon$4.work(Transform.scala:69)
[error] sbt.Execute.$anonfun$submit$2(Execute.scala:283)
[error] sbt.internal.util.ErrorHandling$.wideConvert(ErrorHandling.scala:24)
[error] sbt.Execute.work(Execute.scala:292)
[error] sbt.Execute.$anonfun$submit$1(Execute.scala:283)
[error] sbt.ConcurrentRestrictions$$anon$4.$anonfun$submitValid$1(ConcurrentRestrictions.scala:265)
[error] sbt.CompletionService$$anon$2.call(CompletionService.scala:65)
[error] java.base/java.util.concurrent.FutureTask.run(FutureTask.java:317)
[error] java.base/java.util.concurrent.Executors$RunnableAdapter.call(Executors.java:577)
[error] java.base/java.util.concurrent.FutureTask.run(FutureTask.java:317)
[error] java.base/java.util.concurrent.ThreadPoolExecutor.runWorker(ThreadPoolExecutor.java:1144)
[error] java.base/java.util.concurrent.ThreadPoolExecutor$Worker.run(ThreadPoolExecutor.java:642)
[error] java.base/java.lang.Thread.run(Thread.java:1623)
[error]
[error] java.lang.UnsupportedOperationException: Position.point on NoPosition
[error]         at scala.reflect.internal.util.Position.fail(Position.scala:24)
[error]         at scala.reflect.internal.util.UndefinedPosition.point(Position.scala:102)
[error]         at scala.reflect.internal.util.UndefinedPosition.point(Position.scala:97)
[error]         at scala.tools.nsc.typechecker.ContextErrors.err$1(ContextErrors.scala:201)
[error]         at scala.tools.nsc.typechecker.ContextErrors.scala$tools$nsc$typechecker$ContextErrors$$InferredImplicitErrorImpl(ContextErrors.scala:211)
[error]         at scala.tools.nsc.typechecker.ContextErrors$NamerContextErrors.InferredImplicitError(ContextErrors.scala:1436)
[error]         at scala.tools.nsc.typechecker.ContextErrors$NamerContextErrors.InferredImplicitError$(ContextErrors.scala:1435)
[error]         at scala.tools.nsc.typechecker.Namers$Namer.InferredImplicitError(Namers.scala:58)
[error]         at scala.tools.nsc.typechecker.Namers$Namer.$anonfun$assignTypeToTree$1(Namers.scala:1166)
[error]         at scala.tools.nsc.typechecker.Namers$Namer.assignTypeToTree(Namers.scala:1166)
[error]         at scala.tools.nsc.typechecker.Namers$Namer.methodSig(Namers.scala:1492)
[error]         at scala.tools.nsc.typechecker.Namers$Namer.memberSig(Namers.scala:1975)
[error]         at scala.tools.nsc.typechecker.Namers$Namer.typeSig(Namers.scala:1926)
[error]         at scala.tools.nsc.typechecker.Namers$Namer$MonoTypeCompleter.completeImpl(Namers.scala:874)
[error]         at scala.tools.nsc.typechecker.Namers$LockingTypeCompleter.complete(Namers.scala:2123)
[error]         at scala.tools.nsc.typechecker.Namers$LockingTypeCompleter.complete$(Namers.scala:2121)
[error]         at scala.tools.nsc.typechecker.Namers$TypeCompleterBase.complete(Namers.scala:2116)
[error]         at scala.tools.nsc.typechecker.Namers$PolyTypeCompleter.completeImpl(Namers.scala:2156)
[error]         at scala.tools.nsc.typechecker.Namers$LockingTypeCompleter.complete(Namers.scala:2123)
[error]         at scala.tools.nsc.typechecker.Namers$LockingTypeCompleter.complete$(Namers.scala:2121)
[error]         at scala.tools.nsc.typechecker.Namers$PolyTypeCompleter.complete(Namers.scala:2135)
[error]         at scala.reflect.internal.Symbols$Symbol.completeInfo(Symbols.scala:1565)
[error]         at scala.reflect.internal.Symbols$Symbol.info(Symbols.scala:1537)
[error]         at scala.reflect.internal.Symbols$Symbol.initialize(Symbols.scala:1726)
[error]         at scala.tools.nsc.typechecker.Typers$Typer.typed1(Typers.scala:5734)
[error]         at scala.tools.nsc.typechecker.Typers$Typer.typed(Typers.scala:6153)
[error]         at scala.tools.nsc.typechecker.Typers$Typer.typedStat$1(Typers.scala:6231)
[error]         at scala.tools.nsc.typechecker.Typers$Typer.$anonfun$typedStats$8(Typers.scala:3470)
[error]         at scala.tools.nsc.typechecker.Typers$Typer.typedStats(Typers.scala:3470)
[error]         at scala.tools.nsc.typechecker.Typers$Typer.typedTemplate(Typers.scala:2089)
[error]         at scala.tools.nsc.typechecker.Typers$Typer.typedModuleDef(Typers.scala:1965)
[error]         at scala.tools.nsc.typechecker.Typers$Typer.typed1(Typers.scala:6061)
[error]         at scala.tools.nsc.typechecker.Typers$Typer.typed(Typers.scala:6153)
[error]         at scala.tools.nsc.typechecker.Typers$Typer.typedStat$1(Typers.scala:6231)
[error]         at scala.tools.nsc.typechecker.Typers$Typer.$anonfun$typedStats$8(Typers.scala:3470)
[error]         at scala.tools.nsc.typechecker.Typers$Typer.typedStats(Typers.scala:3470)
[error]         at scala.tools.nsc.typechecker.Typers$Typer.typedPackageDef$1(Typers.scala:5743)
[error]         at scala.tools.nsc.typechecker.Typers$Typer.typed1(Typers.scala:6063)
[error]         at scala.tools.nsc.typechecker.Typers$Typer.typed(Typers.scala:6153)
[error]         at scala.tools.nsc.typechecker.Analyzer$typerFactory$TyperPhase.apply(Analyzer.scala:124)
[error]         at scala.tools.nsc.Global$GlobalPhase.applyPhase(Global.scala:480)
[error]         at scala.tools.nsc.typechecker.Analyzer$typerFactory$TyperPhase.run(Analyzer.scala:111)
[error]         at scala.tools.nsc.Global$Run.compileUnitsInternal(Global.scala:1546)
[error]         at scala.tools.nsc.Global$Run.compileUnits(Global.scala:1530)
[error]         at scala.tools.nsc.Global$Run.compileSources(Global.scala:1522)
[error]         at scala.tools.nsc.Global$Run.compileFiles(Global.scala:1635)
[error]         at xsbt.CachedCompiler0.run(CompilerBridge.scala:165)
[error]         at xsbt.CachedCompiler0.run(CompilerBridge.scala:134)
[error]         at xsbt.CompilerBridge.run(CompilerBridge.scala:39)
[error]         at sbt.internal.inc.AnalyzingCompiler.compile(AnalyzingCompiler.scala:91)
[error]         at sbt.internal.inc.MixedAnalyzingCompiler.$anonfun$compile$7(MixedAnalyzingCompiler.scala:193)
[error]         at scala.runtime.java8.JFunction0$mcV$sp.apply(JFunction0$mcV$sp.java:23)
[error]         at sbt.internal.inc.MixedAnalyzingCompiler.timed(MixedAnalyzingCompiler.scala:248)
[error]         at sbt.internal.inc.MixedAnalyzingCompiler.$anonfun$compile$4(MixedAnalyzingCompiler.scala:183)
[error]         at sbt.internal.inc.MixedAnalyzingCompiler.$anonfun$compile$4$adapted(MixedAnalyzingCompiler.scala:163)
[error]         at sbt.internal.inc.JarUtils$.withPreviousJar(JarUtils.scala:239)
[error]         at sbt.internal.inc.MixedAnalyzingCompiler.compileScala$1(MixedAnalyzingCompiler.scala:163)
[error]         at sbt.internal.inc.MixedAnalyzingCompiler.compile(MixedAnalyzingCompiler.scala:211)
[error]         at sbt.internal.inc.IncrementalCompilerImpl.$anonfun$compileInternal$1(IncrementalCompilerImpl.scala:534)
[error]         at sbt.internal.inc.IncrementalCompilerImpl.$anonfun$compileInternal$1$adapted(IncrementalCompilerImpl.scala:534)
[error]         at sbt.internal.inc.Incremental$.$anonfun$apply$5(Incremental.scala:180)
[error]         at sbt.internal.inc.Incremental$.$anonfun$apply$5$adapted(Incremental.scala:178)
[error]         at sbt.internal.inc.Incremental$$anon$2.run(Incremental.scala:464)
[error]         at sbt.internal.inc.IncrementalCommon$CycleState.next(IncrementalCommon.scala:116)
[error]         at sbt.internal.inc.IncrementalCommon$$anon$1.next(IncrementalCommon.scala:56)
[error]         at sbt.internal.inc.IncrementalCommon$$anon$1.next(IncrementalCommon.scala:52)
[error]         at sbt.internal.inc.IncrementalCommon.cycle(IncrementalCommon.scala:263)
[error]         at sbt.internal.inc.Incremental$.$anonfun$incrementalCompile$8(Incremental.scala:419)
[error]         at sbt.internal.inc.Incremental$.withClassfileManager(Incremental.scala:506)
[error]         at sbt.internal.inc.Incremental$.incrementalCompile(Incremental.scala:406)
[error]         at sbt.internal.inc.Incremental$.apply(Incremental.scala:172)
[error]         at sbt.internal.inc.IncrementalCompilerImpl.compileInternal(IncrementalCompilerImpl.scala:534)
[error]         at sbt.internal.inc.IncrementalCompilerImpl.$anonfun$compileIncrementally$1(IncrementalCompilerImpl.scala:488)
[error]         at sbt.internal.inc.IncrementalCompilerImpl.handleCompilationError(IncrementalCompilerImpl.scala:332)
[error]         at sbt.internal.inc.IncrementalCompilerImpl.compileIncrementally(IncrementalCompilerImpl.scala:425)
[error]         at sbt.internal.inc.IncrementalCompilerImpl.compile(IncrementalCompilerImpl.scala:137)
[error]         at sbt.Defaults$.compileIncrementalTaskImpl(Defaults.scala:2369)
[error]         at sbt.Defaults$.$anonfun$compileIncrementalTask$2(Defaults.scala:2319)
[error]         at sbt.internal.server.BspCompileTask$.$anonfun$compute$1(BspCompileTask.scala:31)
[error]         at sbt.internal.io.Retry$.apply(Retry.scala:47)
[error]         at sbt.internal.io.Retry$.apply(Retry.scala:29)
[error]         at sbt.internal.io.Retry$.apply(Retry.scala:24)
[error]         at sbt.internal.server.BspCompileTask$.compute(BspCompileTask.scala:31)
[error]         at sbt.Defaults$.$anonfun$compileIncrementalTask$1(Defaults.scala:2317)
[error]         at scala.Function1.$anonfun$compose$1(Function1.scala:49)
[error]         at sbt.internal.util.$tilde$greater.$anonfun$$u2219$1(TypeFunctions.scala:63)
[error]         at sbt.std.Transform$$anon$4.work(Transform.scala:69)
[error]         at sbt.Execute.$anonfun$submit$2(Execute.scala:283)
[error]         at sbt.internal.util.ErrorHandling$.wideConvert(ErrorHandling.scala:24)
[error]         at sbt.Execute.work(Execute.scala:292)
[error]         at sbt.Execute.$anonfun$submit$1(Execute.scala:283)
[error]         at sbt.ConcurrentRestrictions$$anon$4.$anonfun$submitValid$1(ConcurrentRestrictions.scala:265)
[error]         at sbt.CompletionService$$anon$2.call(CompletionService.scala:65)
[error]         at java.base/java.util.concurrent.FutureTask.run(FutureTask.java:317)
[error]         at java.base/java.util.concurrent.Executors$RunnableAdapter.call(Executors.java:577)
[error]         at java.base/java.util.concurrent.FutureTask.run(FutureTask.java:317)
[error]         at java.base/java.util.concurrent.ThreadPoolExecutor.runWorker(ThreadPoolExecutor.java:1144)
[error]         at java.base/java.util.concurrent.ThreadPoolExecutor$Worker.run(ThreadPoolExecutor.java:642)
[error]         at java.base/java.lang.Thread.run(Thread.java:1623)
[error] (plain2 / Compile / compileIncremental) java.lang.UnsupportedOperationException: Position.point on NoPosition
[error] Total time: 2 s, completed 13 Sept 2023, 16:48:18
